<?xml version="1.0" encoding="UTF-8"?>
<testsuite xmlns:xsi="http://www.w3.org/2001/XMLSchema-instance" xsi:noNamespaceSchemaLocation="https://maven.apache.org/surefire/maven-surefire-plugin/xsd/surefire-test-report-3.0.xsd" version="3.0" name="com.orbitz.runners.TestRunnerChrome" time="80.343" tests="1" errors="0" skipped="0" failures="0">
  <properties>
[...]
</properties>
  <testcase name="Flight Booking Verification(Flight Booking Functionality " classname="Chrome)" time="80.008">
    <system-out><![CDATA[
@chrome
Scenario: Flight Booking Verification                                                                                                    &amp#27;[90m# src/test/resources/features/flightBooking.feature:6&amp#27;[0m
  &amp#27;[32mWhen &amp#27;[0m&amp#27;[32mclick on Flights button&amp#27;[0m                                                                                                           &amp#27;[90m# com.orbitz.steps.HomePageSteps.click_on_Flights_button()&amp#27;[0m
  &amp#27;[32mAnd &amp#27;[0m&amp#27;[32mclick on Roundtrip button&amp#27;[0m                                                                                                          &amp#27;[90m# com.orbitz.steps.HomePageSteps.click_on_Roundtrip_button()&amp#27;[0m
  &amp#27;[32mAnd &amp#27;[0m&amp#27;[32mclick on Leaving From button&amp#27;[0m                                                                                                       &amp#27;[90m# com.orbitz.steps.HomePageSteps.click_on_Leaving_From_button()&amp#27;[0m
  &amp#27;[32mAnd &amp#27;[0m&amp#27;[32minput text &amp#27;[0m&amp#27;[32m&amp#27;[1m"San Francisco (SFO - San Francisco Intl.)"&amp#27;[0m&amp#27;[32m into text field by id &amp#27;[0m&amp#27;[32m&amp#27;[1m"location-field-leg1-origin"&amp#27;[0m&amp#27;[32m and press enter&amp#27;[0m          &amp#27;[90m# com.orbitz.steps.HomePageSteps.input_text_into_text_field_by_id_and_press_enter(java.lang.String,java.lang.String)&amp#27;[0m
  &amp#27;[32mAnd &amp#27;[0m&amp#27;[32mclick on Going To button&amp#27;[0m                                                                                                           &amp#27;[90m# com.orbitz.steps.HomePageSteps.click_on_Going_To_button()&amp#27;[0m
  &amp#27;[32mAnd &amp#27;[0m&amp#27;[32minput text &amp#27;[0m&amp#27;[32m&amp#27;[1m"New York (JFK - John F. Kennedy Intl.)"&amp#27;[0m&amp#27;[32m into text field by id &amp#27;[0m&amp#27;[32m&amp#27;[1m"location-field-leg1-destination"&amp#27;[0m&amp#27;[32m and press enter&amp#27;[0m        &amp#27;[90m# com.orbitz.steps.HomePageSteps.input_text_into_text_field_by_id_and_press_enter(java.lang.String,java.lang.String)&amp#27;[0m
  &amp#27;[32mAnd &amp#27;[0m&amp#27;[32mclick by id &amp#27;[0m&amp#27;[32m&amp#27;[1m"d1-btn"&amp#27;[0m                                                                                                               &amp#27;[90m# com.orbitz.steps.HomePageSteps.click_by_id(java.lang.String)&amp#27;[0m
---> calendarMonthText: June 2021
--->   GlobalVariables.departingDate: Jun 21
--->   GlobalVariables.departingDate2: 6/21/2021
---> calendarMonthText: June 2021
---> GlobalVariables.returningDate: Jun 28
---> GlobalVariables.returningDate2: 6/28/2021
  &amp#27;[32mAnd &amp#27;[0m&amp#27;[32mSelect Departing date to be &amp#27;[0m&amp#27;[32m&amp#27;[1m2&amp#27;[0m&amp#27;[32m weeks from today and Returning date to be &amp#27;[0m&amp#27;[32m&amp#27;[1m3&amp#27;[0m&amp#27;[32m weeks from today&amp#27;[0m                                         &amp#27;[90m# com.orbitz.steps.HomePageSteps.select_Departing_date_to_be_weeks_from_today_and_Returning_date_to_be_weeks_from_today(int,int)&amp#27;[0m
  &amp#27;[32mAnd &amp#27;[0m&amp#27;[32mclick on Search button&amp#27;[0m                                                                                                             &amp#27;[90m# com.orbitz.steps.HomePageSteps.click_on_Search_button()&amp#27;[0m
---> textFlyingFrom: San Francisco, CA (SFO-San Francisco Intl.)
  &amp#27;[32mThen &amp#27;[0m&amp#27;[32mverify text field Flying From contains text&amp#27;[0m                                                                                       &amp#27;[90m# com.orbitz.steps.FlightsSearchSteps.verify_text_field_Flying_From_contains_text(io.cucumber.datatable.DataTable)&amp#27;[0m
---> textFlyingFrom: New York, NY (JFK-John F. Kennedy Intl.)
  &amp#27;[32mThen &amp#27;[0m&amp#27;[32mverify text field Flying To contains text&amp#27;[0m                                                                                         &amp#27;[90m# com.orbitz.steps.FlightsSearchSteps.verify_text_field_Flying_To_contains_text(io.cucumber.datatable.DataTable)&amp#27;[0m
---> Departing date: Jun 21
  &amp#27;[32mThen &amp#27;[0m&amp#27;[32mverify text field with id contains expected departing data&amp#27;[0m                                                                        &amp#27;[90m# com.orbitz.steps.FlightsSearchSteps.verify_text_field_with_id_contains_expected_departing_data(io.cucumber.datatable.DataTable)&amp#27;[0m
---> Departing date: Jun 28
  &amp#27;[32mThen &amp#27;[0m&amp#27;[32mverify text field with id contains expected returning data&amp#27;[0m                                                                        &amp#27;[90m# com.orbitz.steps.FlightsSearchSteps.verify_text_field_with_id_contains_expected_returning_data(io.cucumber.datatable.DataTable)&amp#27;[0m
---> result: San Fr... (SFO) - New York (JFK)
---> size: 25
---> result: San Fr... (SFO) - New York (JFK)
---> size: 25
---> result: San Fr... (SFO) - New York (JFK)
---> size: 25
---> result: San Fr... (SFO) - New York (JFK)
---> size: 25
---> result: San Fr... (SFO) - New York (JFK)
---> size: 25
---> result: San Fr... (SFO) - New York (JFK)
---> size: 25
---> result: San Fr... (SFO) - New York (JFK)
---> size: 25
---> result: San Fr... (SFO) - New York (JFK)
---> size: 25
---> result: San Fr... (SFO) - New York (JFK)
---> size: 25
---> result: San Fr... (SFO) - New York (JFK)
---> size: 25
---> result: San Fr... (SFO) - New York (JFK)
---> size: 25
---> result: San Fr... (SFO) - New York (JFK)
---> size: 25
---> result: San Fr... (SFO) - New York (JFK)
---> size: 25
---> result: San Fr... (SFO) - New York (JFK)
---> size: 25
---> result: San Fr... (SFO) - New York (JFK)
---> size: 25
---> result: San Fr... (SFO) - New York (JFK)
---> size: 25
---> result: San Fr... (SFO) - New York (JFK)
---> size: 25
---> result: San Fr... (SFO) - New York (JFK)
---> size: 25
---> result: San Fr... (SFO) - New York (JFK)
---> size: 25
---> result: San Fr... (SFO) - New York (JFK)
---> size: 25
---> result: San Fr... (SFO) - New York (JFK)
---> size: 25
---> result: San Fr... (SFO) - New York (JFK)
---> size: 25
---> result: San Fr... (SFO) - New York (JFK)
---> size: 25
---> result: San Fr... (SFO) - New York (JFK)
---> size: 25
---> result: San Fr... (SFO) - New York (JFK)
---> size: 25
  &amp#27;[32mThen &amp#27;[0m&amp#27;[32mverify all flights in result search contain text&amp#27;[0m                                                                                  &amp#27;[90m# com.orbitz.steps.FlightsSearchSteps.verify_all_flights_in_result_search_contain_text(io.cucumber.datatable.DataTable)&amp#27;[0m
Checkbox clicked
  &amp#27;[32mAnd &amp#27;[0m&amp#27;[32mselect checkbox by id - &amp#27;[0m&amp#27;[32m&amp#27;[1mtrue&amp#27;[0m                                                                                                       &amp#27;[90m# com.orbitz.steps.FlightsSearchSteps.select_checkbox_by_id_true(java.lang.Boolean,io.cucumber.datatable.DataTable)&amp#27;[0m
Wait for 7000 milliseconds
  &amp#27;[32mAnd &amp#27;[0m&amp#27;[32mwait for &amp#27;[0m&amp#27;[32m&amp#27;[1m7000&amp#27;[0m&amp#27;[32m milliseconds&amp#27;[0m                                                                                                         &amp#27;[90m# com.orbitz.steps.FlightsSearchSteps.wait_for_milliseconds(int)&amp#27;[0m
---> I am in Select
---> Price dd: Price (Lowest)
---> Price dd: Price (Highest)
---> I am in If Price dd: Price (Highest)
  &amp#27;[32mAnd &amp#27;[0m&amp#27;[32mselect dropdown value by &amp#27;[0m&amp#27;[32m&amp#27;[1m"Price (Highest)"&amp#27;[0m                                                                                         &amp#27;[90m# com.orbitz.steps.FlightsSearchSteps.select_dropdown_value_by(java.lang.String)&amp#27;[0m
Wait for 7000 milliseconds
  &amp#27;[32mAnd &amp#27;[0m&amp#27;[32mwait for &amp#27;[0m&amp#27;[32m&amp#27;[1m7000&amp#27;[0m&amp#27;[32m milliseconds&amp#27;[0m                                                                                                         &amp#27;[90m# com.orbitz.steps.FlightsSearchSteps.wait_for_milliseconds(int)&amp#27;[0m
!!!!!!!!!!!!!!!!!!
click good
  &amp#27;[32mAnd &amp#27;[0m&amp#27;[32mselect first flight from the list&amp#27;[0m                                                                                                  &amp#27;[90m# com.orbitz.steps.FlightsSearchSteps.select_first_flight_from_the_list()&amp#27;[0m
---> GlobalVariables.priceTripTotalFromFlightSearchPage: $4,294.10
---> getText(flightsSearchPage.priceTripTotal): $4,294.10
  &amp#27;[32mAnd &amp#27;[0m&amp#27;[32mclick on Continue Select this fare button&amp#27;[0m                                                                                          &amp#27;[90m# com.orbitz.steps.FlightsSearchSteps.click_on_Continue_Select_this_fare_button()&amp#27;[0m
Wait for 7000 milliseconds
  &amp#27;[32mAnd &amp#27;[0m&amp#27;[32mwait for &amp#27;[0m&amp#27;[32m&amp#27;[1m7000&amp#27;[0m&amp#27;[32m milliseconds&amp#27;[0m                                                                                                         &amp#27;[90m# com.orbitz.steps.FlightsSearchSteps.wait_for_milliseconds(int)&amp#27;[0m
Wait for 7000 milliseconds
  &amp#27;[32mAnd &amp#27;[0m&amp#27;[32mwait for &amp#27;[0m&amp#27;[32m&amp#27;[1m7000&amp#27;[0m&amp#27;[32m milliseconds&amp#27;[0m                                                                                                         &amp#27;[90m# com.orbitz.steps.FlightsSearchSteps.wait_for_milliseconds(int)&amp#27;[0m
!!!!!!!!!!!!!!!!!!
click good
  &amp#27;[32mAnd &amp#27;[0m&amp#27;[32mselect first flight from the list&amp#27;[0m                                                                                                  &amp#27;[90m# com.orbitz.steps.FlightsSearchSteps.select_first_flight_from_the_list()&amp#27;[0m
---> GlobalVariables.priceTripTotalFromFlightSearchPage: $4,294.10
---> getText(flightsSearchPage.priceTripTotal): $4,294.10
  &amp#27;[32mAnd &amp#27;[0m&amp#27;[32mclick on Continue Select this fare button&amp#27;[0m                                                                                          &amp#27;[90m# com.orbitz.steps.FlightsSearchSteps.click_on_Continue_Select_this_fare_button()&amp#27;[0m
Wait for 7000 milliseconds
  &amp#27;[32mAnd &amp#27;[0m&amp#27;[32mwait for &amp#27;[0m&amp#27;[32m&amp#27;[1m7000&amp#27;[0m&amp#27;[32m milliseconds&amp#27;[0m                                                                                                         &amp#27;[90m# com.orbitz.steps.FlightsSearchSteps.wait_for_milliseconds(int)&amp#27;[0m
  &amp#27;[32mAnd &amp#27;[0m&amp#27;[32mswitch to new window&amp#27;[0m                                                                                                               &amp#27;[90m# com.orbitz.steps.FlightInformationSteps.switch_to_new_window()&amp#27;[0m
---> flightInformationPage.departingDate.getText(): American Airlines • Mon, Jun 21
  &amp#27;[32mThen &amp#27;[0m&amp#27;[32mverify Departing date&amp#27;[0m                                                                                                             &amp#27;[90m# com.orbitz.steps.FlightInformationSteps.verify_Departing_date()&amp#27;[0m
---> flightInformationPage.returningDate.getText(): American Airlines • Mon, Jun 28
  &amp#27;[32mThen &amp#27;[0m&amp#27;[32mverify Returning date&amp#27;[0m                                                                                                             &amp#27;[90m# com.orbitz.steps.FlightInformationSteps.verify_Returning_date()&amp#27;[0m
  &amp#27;[32mWhen &amp#27;[0m&amp#27;[32mclick on Show details in departing section&amp#27;[0m                                                                                        &amp#27;[90m# com.orbitz.steps.FlightInformationSteps.click_on_Show_details_in_departing_section()&amp#27;[0m
Wait for 7000 milliseconds
  &amp#27;[32mAnd &amp#27;[0m&amp#27;[32mwait for &amp#27;[0m&amp#27;[32m&amp#27;[1m7000&amp#27;[0m&amp#27;[32m milliseconds&amp#27;[0m                                                                                                         &amp#27;[90m# com.orbitz.steps.FlightsSearchSteps.wait_for_milliseconds(int)&amp#27;[0m
  &amp#27;[32mThen &amp#27;[0m&amp#27;[32mverify departure airport is &amp#27;[0m&amp#27;[32m&amp#27;[1m"San Francisco Intl. (SFO)"&amp#27;[0m&amp#27;[32m and arrival airport is &amp#27;[0m&amp#27;[32m&amp#27;[1m"John F. Kennedy Intl. (JFK)"&amp#27;[0m&amp#27;[32m in departing section&amp#27;[0m &amp#27;[90m# com.orbitz.steps.FlightInformationSteps.verify_departure_airport_is_and_arrival_airport_is_in_departing_section(java.lang.String,java.lang.String)&amp#27;[0m
---> GlobalVariables.priceTripTotalFromFlightSearchPage: $4,294.10
---> flightInformationPage.priceTripTotal: $4,294.10
  &amp#27;[32mThen &amp#27;[0m&amp#27;[32mverify Trip total price&amp#27;[0m                                                                                                           &amp#27;[90m# com.orbitz.steps.FlightInformationSteps.verify_Trip_total_price()&amp#27;[0m

    Embedding Flight Booking Verification [image/png 274200 bytes]

]]></system-out>
    <system-err><![CDATA[SLF4J: Failed to load class "org.slf4j.impl.StaticLoggerBinder".
SLF4J: Defaulting to no-operation (NOP) logger implementation
SLF4J: See http://www.slf4j.org/codes.html#StaticLoggerBinder for further details.
Starting ChromeDriver 91.0.4472.19 (1bf021f248676a0b2ab3ee0561d83a59e424c23e-refs/branch-heads/4472@{#288}) on port 48504
Only local connections are allowed.
Please see https://chromedriver.chromium.org/security-considerations for suggestions on keeping ChromeDriver safe.
ChromeDriver was started successfully.
Jun 07, 2021 5:40:54 PM org.openqa.selenium.remote.ProtocolHandshake createSession
INFO: Detected dialect: W3C
]]></system-err>
  </testcase>
</testsuite>